........................................................................ [ 80%]
..................                                                       [100%]
================================ tests coverage ================================
_______________ coverage: platform linux, python 3.11.15-final-0 _______________

Name                         Stmts   Miss Branch BrPart  Cover   Missing
------------------------------------------------------------------------
app/__init__.py                  0      0      0      0   100%
app/amazon/__init__.py           9      7      4      0    15%   5-11
app/amazon/base.py               8      0      0      0   100%
app/amazon/creators.py         140      8     46     13    89%   62, 90, 125, 156-158, 160, 163, 181->179, 188->206, 191->193, 193->195, 195->197, 197->199, 199->201
app/amazon/mock.py              28      1      4      1    94%   62
app/amazon/ratelimit.py         14      0      2      0   100%
app/app_factory.py              13      4      0      0    69%   15-18
app/categories.py               11      0      0      0   100%
app/cli.py                      39     10     20      4    76%   20-26, 39-40, 54-55, 59
app/config.py                   85      0     10      0   100%
app/db.py                      197      5     44      3    97%   150-154, 157, 288->exit
app/models.py                   40      0      4      0   100%
app/pipeline/__init__.py         0      0      0      0   100%
app/pipeline/copywriter.py      41      2      6      0    96%   77-78
app/pipeline/render.py          37      0     14      1    98%   32->34
app/pipeline/scorer.py          57      0     24      0   100%
app/scheduler.py                16      0      2      0   100%
app/senders/__init__.py          7      4      2      0    33%   6-9
app/senders/base.py              6      1      0      0    83%   20
app/senders/telegram.py         13      0      0      0   100%
app/service.py                 320     17     76     12    93%   152, 221-223, 229-230, 234-235, 247, 249, 277, 280-281, 300, 332->341, 376, 382, 396, 404->408
app/web/__init__.py              0      0      0      0   100%
app/web/security.py            108      5     22      5    92%   73-74, 85, 115, 153->155, 156
app/web/server.py              277     11     28      1    95%   141, 261, 341, 406-408, 420-423, 443
------------------------------------------------------------------------
TOTAL                         1466     75    308     40    93%
90 passed in 7.35s
